[debug] [2025-08-25T22:01:51.052Z] ----------------------------------------------------------------------
[debug] [2025-08-25T22:01:51.057Z] Command:       C:\Program Files\nodejs\node.exe C:\Users\Lastkid\AppData\Roaming\npm\node_modules\firebase-tools\lib\bin\firebase.js init hosting
[debug] [2025-08-25T22:01:51.058Z] CLI Version:   14.14.0
[debug] [2025-08-25T22:01:51.058Z] Platform:      win32
[debug] [2025-08-25T22:01:51.058Z] Node Version:  v22.15.0
[debug] [2025-08-25T22:01:51.059Z] Time:          Mon Aug 25 2025 22:01:51 GMT+0000 (heure moyenne de Greenwich)
[debug] [2025-08-25T22:01:51.059Z] ----------------------------------------------------------------------
[debug] 
[debug] [2025-08-25T22:01:51.070Z] > command requires scopes: ["email","openid","https://www.googleapis.com/auth/cloudplatformprojects.readonly","https://www.googleapis.com/auth/firebase","https://www.googleapis.com/auth/cloud-platform"]
[debug] [2025-08-25T22:01:51.071Z] > authorizing via signed-in user (mouhamedthiams221@gmail.com)
[info] 
     ######## #### ########  ######## ########     ###     ######  ########
     ##        ##  ##     ## ##       ##     ##  ##   ##  ##       ##
     ######    ##  ########  ######   ########  #########  ######  ######
     ##        ##  ##    ##  ##       ##     ## ##     ##       ## ##
     ##       #### ##     ## ######## ########  ##     ##  ######  ########

You're about to initialize a Firebase project in this directory:

  E:\yonn

[info] 
=== Project Setup
[info] 
[info] First, let's associate this project directory with a Firebase project.
[info] You can create multiple project aliases by running firebase use --add, 
[info] but for now we'll just set up a default project.
[info] 
[debug] [2025-08-25T22:03:38.703Z] Checked if tokens are valid: true, expires at: 1756162860196
[debug] [2025-08-25T22:03:38.703Z] Checked if tokens are valid: true, expires at: 1756162860196
[debug] [2025-08-25T22:03:38.705Z] >>> [apiv2][query] GET https://firebase.googleapis.com/v1beta1/availableProjects pageSize=100
[debug] [2025-08-25T22:03:39.445Z] <<< [apiv2][status] GET https://firebase.googleapis.com/v1beta1/availableProjects 200
[debug] [2025-08-25T22:03:39.445Z] <<< [apiv2][body] GET https://firebase.googleapis.com/v1beta1/availableProjects [omitted]
[debug] [2025-08-25T22:03:50.450Z] Checked if tokens are valid: true, expires at: 1756162860196
[debug] [2025-08-25T22:03:50.450Z] Checked if tokens are valid: true, expires at: 1756162860196
[debug] [2025-08-25T22:03:50.450Z] >>> [apiv2][query] POST https://firebase.googleapis.com/v1beta1/projects/infinite-blade-452822-a6:addFirebase [none]
[debug] [2025-08-25T22:03:52.605Z] <<< [apiv2][status] POST https://firebase.googleapis.com/v1beta1/projects/infinite-blade-452822-a6:addFirebase 200
[debug] [2025-08-25T22:03:52.606Z] <<< [apiv2][body] POST https://firebase.googleapis.com/v1beta1/projects/infinite-blade-452822-a6:addFirebase {"name":"operations/workflows/NjVmODRlMjUtYTllNC00YmE5LWFjNWEtNGQwZDU5MmExZWE4"}
[debug] [2025-08-25T22:03:52.608Z] Checked if tokens are valid: true, expires at: 1756162860196
[debug] [2025-08-25T22:03:52.608Z] Checked if tokens are valid: true, expires at: 1756162860196
[debug] [2025-08-25T22:03:52.609Z] >>> [apiv2][query] GET https://firebase.googleapis.com/v1beta1/operations/workflows/NjVmODRlMjUtYTllNC00YmE5LWFjNWEtNGQwZDU5MmExZWE4 [none]
[debug] [2025-08-25T22:03:54.485Z] <<< [apiv2][status] GET https://firebase.googleapis.com/v1beta1/operations/workflows/NjVmODRlMjUtYTllNC00YmE5LWFjNWEtNGQwZDU5MmExZWE4 200
[debug] [2025-08-25T22:03:54.485Z] <<< [apiv2][body] GET https://firebase.googleapis.com/v1beta1/operations/workflows/NjVmODRlMjUtYTllNC00YmE5LWFjNWEtNGQwZDU5MmExZWE4 {"name":"operations/workflows/NjVmODRlMjUtYTllNC00YmE5LWFjNWEtNGQwZDU5MmExZWE4"}
[debug] [2025-08-25T22:03:54.991Z] [Add Firebase Poller] Retrying task index 0
[debug] [2025-08-25T22:03:54.991Z] Checked if tokens are valid: true, expires at: 1756162860196
[debug] [2025-08-25T22:03:54.992Z] Checked if tokens are valid: true, expires at: 1756162860196
[debug] [2025-08-25T22:03:54.992Z] >>> [apiv2][query] GET https://firebase.googleapis.com/v1beta1/operations/workflows/NjVmODRlMjUtYTllNC00YmE5LWFjNWEtNGQwZDU5MmExZWE4 [none]
[debug] [2025-08-25T22:03:55.311Z] <<< [apiv2][status] GET https://firebase.googleapis.com/v1beta1/operations/workflows/NjVmODRlMjUtYTllNC00YmE5LWFjNWEtNGQwZDU5MmExZWE4 200
[debug] [2025-08-25T22:03:55.311Z] <<< [apiv2][body] GET https://firebase.googleapis.com/v1beta1/operations/workflows/NjVmODRlMjUtYTllNC00YmE5LWFjNWEtNGQwZDU5MmExZWE4 {"name":"operations/workflows/NjVmODRlMjUtYTllNC00YmE5LWFjNWEtNGQwZDU5MmExZWE4"}
[debug] [2025-08-25T22:03:56.322Z] [Add Firebase Poller] Retrying task index 0
[debug] [2025-08-25T22:03:56.325Z] Checked if tokens are valid: true, expires at: 1756162860196
[debug] [2025-08-25T22:03:56.326Z] Checked if tokens are valid: true, expires at: 1756162860196
[debug] [2025-08-25T22:03:56.326Z] >>> [apiv2][query] GET https://firebase.googleapis.com/v1beta1/operations/workflows/NjVmODRlMjUtYTllNC00YmE5LWFjNWEtNGQwZDU5MmExZWE4 [none]
[debug] [2025-08-25T22:03:56.673Z] <<< [apiv2][status] GET https://firebase.googleapis.com/v1beta1/operations/workflows/NjVmODRlMjUtYTllNC00YmE5LWFjNWEtNGQwZDU5MmExZWE4 200
[debug] [2025-08-25T22:03:56.674Z] <<< [apiv2][body] GET https://firebase.googleapis.com/v1beta1/operations/workflows/NjVmODRlMjUtYTllNC00YmE5LWFjNWEtNGQwZDU5MmExZWE4 {"name":"operations/workflows/NjVmODRlMjUtYTllNC00YmE5LWFjNWEtNGQwZDU5MmExZWE4"}
[debug] [2025-08-25T22:03:58.675Z] [Add Firebase Poller] Retrying task index 0
[debug] [2025-08-25T22:03:58.676Z] Checked if tokens are valid: true, expires at: 1756162860196
[debug] [2025-08-25T22:03:58.676Z] Checked if tokens are valid: true, expires at: 1756162860196
[debug] [2025-08-25T22:03:58.677Z] >>> [apiv2][query] GET https://firebase.googleapis.com/v1beta1/operations/workflows/NjVmODRlMjUtYTllNC00YmE5LWFjNWEtNGQwZDU5MmExZWE4 [none]
[debug] [2025-08-25T22:03:59.037Z] <<< [apiv2][status] GET https://firebase.googleapis.com/v1beta1/operations/workflows/NjVmODRlMjUtYTllNC00YmE5LWFjNWEtNGQwZDU5MmExZWE4 200
[debug] [2025-08-25T22:03:59.038Z] <<< [apiv2][body] GET https://firebase.googleapis.com/v1beta1/operations/workflows/NjVmODRlMjUtYTllNC00YmE5LWFjNWEtNGQwZDU5MmExZWE4 {"name":"operations/workflows/NjVmODRlMjUtYTllNC00YmE5LWFjNWEtNGQwZDU5MmExZWE4"}
[debug] [2025-08-25T22:04:03.041Z] [Add Firebase Poller] Retrying task index 0
[debug] [2025-08-25T22:04:03.042Z] Checked if tokens are valid: true, expires at: 1756162860196
[debug] [2025-08-25T22:04:03.042Z] Checked if tokens are valid: true, expires at: 1756162860196
[debug] [2025-08-25T22:04:03.043Z] >>> [apiv2][query] GET https://firebase.googleapis.com/v1beta1/operations/workflows/NjVmODRlMjUtYTllNC00YmE5LWFjNWEtNGQwZDU5MmExZWE4 [none]
[debug] [2025-08-25T22:04:03.440Z] <<< [apiv2][status] GET https://firebase.googleapis.com/v1beta1/operations/workflows/NjVmODRlMjUtYTllNC00YmE5LWFjNWEtNGQwZDU5MmExZWE4 200
[debug] [2025-08-25T22:04:03.440Z] <<< [apiv2][body] GET https://firebase.googleapis.com/v1beta1/operations/workflows/NjVmODRlMjUtYTllNC00YmE5LWFjNWEtNGQwZDU5MmExZWE4 {"name":"operations/workflows/NjVmODRlMjUtYTllNC00YmE5LWFjNWEtNGQwZDU5MmExZWE4","done":true,"response":{"@type":"type.googleapis.com/google.firebase.service.v1beta1.FirebaseProject","projectId":"infinite-blade-452822-a6","projectNumber":"931686981627","displayName":"My Project 64913","name":"projects/infinite-blade-452822-a6","resources":{"hostingSite":"infinite-blade-452822-a6"}}}
[info] 
[info] === Your Firebase project is ready! ===
[info] 
[info] Project information:
[info]    - Project ID: infinite-blade-452822-a6
[info]    - Project Name: My Project 64913
[info] 
[info] Firebase console is available at
[info] https://console.firebase.google.com/project/infinite-blade-452822-a6/overview
[info] i  Using project infinite-blade-452822-a6 (My Project 64913) 
[info] 
=== Hosting Setup
[debug] [2025-08-25T22:04:03.706Z] Checked if tokens are valid: true, expires at: 1756162860196
[debug] [2025-08-25T22:04:03.707Z] Checked if tokens are valid: true, expires at: 1756162860196
[debug] [2025-08-25T22:04:03.707Z] >>> [apiv2][query] GET https://firebase.googleapis.com/v1beta1/projects/infinite-blade-452822-a6 [none]
[debug] [2025-08-25T22:04:03.956Z] <<< [apiv2][status] GET https://firebase.googleapis.com/v1beta1/projects/infinite-blade-452822-a6 200
[debug] [2025-08-25T22:04:03.956Z] <<< [apiv2][body] GET https://firebase.googleapis.com/v1beta1/projects/infinite-blade-452822-a6 {"projectId":"infinite-blade-452822-a6","projectNumber":"931686981627","displayName":"My Project 64913","name":"projects/infinite-blade-452822-a6","resources":{"hostingSite":"infinite-blade-452822-a6"},"state":"ACTIVE","etag":"1_02f27704-5cd4-4a98-aa62-9811fa983d51"}
[info] 
[info] Your public directory is the folder (relative to your project directory) that
[info] will contain Hosting assets to be uploaded with firebase deploy. If you
[info] have a build process for your assets, use your build's output directory.
[info] 
[debug] [2025-08-25T22:04:30.231Z] >>> [apiv2][query] GET https://www.gstatic.com/firebasejs/releases.json [none]
[debug] [2025-08-25T22:04:30.434Z] <<< [apiv2][status] GET https://www.gstatic.com/firebasejs/releases.json 200
[debug] [2025-08-25T22:04:30.434Z] <<< [apiv2][body] GET https://www.gstatic.com/firebasejs/releases.json {"current":{"version":"12.1.0","browserURL":"https://www.gstatic.com/firebasejs/12.1.0/firebase.js","packageURL":"https://www.gstatic.com/firebasejs/12.1.0/firebase.tgz"},"live":{"version":"12.1","browserURL":"https://www.gstatic.com/firebasejs/live/12.1/firebase.js","packageURL":"https://www.gstatic.com/firebasejs/live/12.1/firebase.tgz"},"components":{"ai":"https://www.gstatic.com/firebasejs/12.1.0/firebase-ai.js","analytics":"https://www.gstatic.com/firebasejs/12.1.0/firebase-analytics.js","app":"https://www.gstatic.com/firebasejs/12.1.0/firebase-app.js","app-check":"https://www.gstatic.com/firebasejs/12.1.0/firebase-app-check.js","auth":"https://www.gstatic.com/firebasejs/12.1.0/firebase-auth.js","auth/cordova":"https://www.gstatic.com/firebasejs/12.1.0/firebase-auth/cordova.js","auth/web-extension":"https://www.gstatic.com/firebasejs/12.1.0/firebase-auth/web-extension.js","functions":"https://www.gstatic.com/firebasejs/12.1.0/firebase-functions.js","firestore":"https://www.gstatic.com/firebasejs/12.1.0/firebase-firestore.js","firestore/lite":"https://www.gstatic.com/firebasejs/12.1.0/firebase-firestore/lite.js","installations":"https://www.gstatic.com/firebasejs/12.1.0/firebase-installations.js","storage":"https://www.gstatic.com/firebasejs/12.1.0/firebase-storage.js","performance":"https://www.gstatic.com/firebasejs/12.1.0/firebase-performance.js","remote-config":"https://www.gstatic.com/firebasejs/12.1.0/firebase-remote-config.js","messaging":"https://www.gstatic.com/firebasejs/12.1.0/firebase-messaging.js","messaging/sw":"https://www.gstatic.com/firebasejs/12.1.0/firebase-messaging/sw.js","database":"https://www.gstatic.com/firebasejs/12.1.0/firebase-database.js","data-connect":"https://www.gstatic.com/firebasejs/12.1.0/firebase-data-connect.js","firestore.memory":"https://www.gstatic.com/firebasejs/12.1.0/firebase-firestore.memory.js"}}
[info] +  Wrote public/index.html 
[info] 
[info] i  Didn't detect a .git folder. Assuming E:\yonn is the project root. 
[info] i  Authorizing with GitHub to upload your service account to a GitHub repository's secrets store. 
[info] 
[info] Visit this URL on this device to log in:
[info] https://github.com/login/oauth/authorize?client_id=89cf50f02ac6aaed3484&state=1040809418&redirect_uri=http%3A%2F%2Flocalhost%3A9005&scope=read%3Auser%20repo%20public_repo
[info] 
[info] Waiting for authentication...
[debug] [2025-08-25T22:07:26.830Z] >>> [apiv2][query] POST https://github.com/login/oauth/access_token [none]
[debug] [2025-08-25T22:07:26.831Z] >>> [apiv2][body] POST https://github.com/login/oauth/access_token [stream]
[debug] [2025-08-25T22:07:27.337Z] <<< [apiv2][status] POST https://github.com/login/oauth/access_token 200
[debug] [2025-08-25T22:07:27.338Z] <<< [apiv2][body] POST https://github.com/login/oauth/access_token {"access_token":"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","token_type":"bearer","scope":"read:user,repo"}
[debug] [2025-08-25T22:07:27.374Z] >>> [apiv2][query] GET https://api.github.com/user [none]
[debug] [2025-08-25T22:07:27.941Z] <<< [apiv2][status] GET https://api.github.com/user 200
[debug] [2025-08-25T22:07:27.941Z] <<< [apiv2][body] GET https://api.github.com/user {"login":"mouha-thiam","id":178952223,"node_id":"U_kgDOCqqYHw","avatar_url":"https://avatars.githubusercontent.com/u/178952223?v=4","gravatar_id":"","url":"https://api.github.com/users/mouha-thiam","html_url":"https://github.com/mouha-thiam","followers_url":"https://api.github.com/users/mouha-thiam/followers","following_url":"https://api.github.com/users/mouha-thiam/following{/other_user}","gists_url":"https://api.github.com/users/mouha-thiam/gists{/gist_id}","starred_url":"https://api.github.com/users/mouha-thiam/starred{/owner}{/repo}","subscriptions_url":"https://api.github.com/users/mouha-thiam/subscriptions","organizations_url":"https://api.github.com/users/mouha-thiam/orgs","repos_url":"https://api.github.com/users/mouha-thiam/repos","events_url":"https://api.github.com/users/mouha-thiam/events{/privacy}","received_events_url":"https://api.github.com/users/mouha-thiam/received_events","type":"User","user_view_type":"private","site_admin":false,"name":null,"company":null,"blog":"","location":null,"email":null,"hireable":null,"bio":null,"twitter_username":null,"notification_email":null,"public_repos":0,"public_gists":0,"followers":0,"following":0,"created_at":"2024-08-20T22:01:31Z","updated_at":"2025-08-25T19:04:03Z","private_gists":0,"total_private_repos":2,"owned_private_repos":2,"disk_usage":3334,"collaborators":0,"two_factor_authentication":false,"plan":{"name":"free","space":976562499,"collaborators":0,"private_repos":10000}}
[info] 
[info] +  Success! Logged into GitHub as mouha-thiam 
[info] 
[debug] [2025-08-25T22:07:40.390Z] >>> [apiv2][query] GET https://api.github.com/repos//actions/secrets/public-key type=owner
[debug] [2025-08-25T22:07:40.769Z] <<< [apiv2][status] GET https://api.github.com/repos//actions/secrets/public-key 404
[debug] [2025-08-25T22:07:40.769Z] <<< [apiv2][body] GET https://api.github.com/repos//actions/secrets/public-key {"message":"Not Found","documentation_url":"https://docs.github.com/rest","status":"404"}
[info] 
[info] 
[error] !  The provided authorization cannot be used with this repository. If this repository is in an organization, did you remember to grant access? 
[info] 
[info] i  Action required: Visit this URL to ensure access has been granted to the appropriate organization(s) for the Firebase CLI GitHub OAuth App: 
[info] https://github.com/settings/connections/applications/89cf50f02ac6aaed3484
[info] 
